Name                                                                                                         Stmts   Miss  Cover
--------------------------------------------------------------------------------------------------------------------------------
__init__.py                                                                                                      0      0   100%
env/lib/python3.6/site-packages/amqp/__init__.py                                                                20      0   100%
env/lib/python3.6/site-packages/amqp/abstract_channel.py                                                        95     77    19%
env/lib/python3.6/site-packages/amqp/basic_message.py                                                           16      6    62%
env/lib/python3.6/site-packages/amqp/channel.py                                                                211    146    31%
env/lib/python3.6/site-packages/amqp/connection.py                                                             276    197    29%
env/lib/python3.6/site-packages/amqp/exceptions.py                                                              75     16    79%
env/lib/python3.6/site-packages/amqp/five.py                                                                     5      0   100%
env/lib/python3.6/site-packages/amqp/method_framing.py                                                          95     82    14%
env/lib/python3.6/site-packages/amqp/platform.py                                                                41     21    49%
env/lib/python3.6/site-packages/amqp/protocol.py                                                                 4      0   100%
env/lib/python3.6/site-packages/amqp/sasl.py                                                                    90     58    36%
env/lib/python3.6/site-packages/amqp/serialization.py                                                          431    397     8%
env/lib/python3.6/site-packages/amqp/spec.py                                                                    81      0   100%
env/lib/python3.6/site-packages/amqp/transport.py                                                              284    237    17%
env/lib/python3.6/site-packages/amqp/utils.py                                                                   40     26    35%
env/lib/python3.6/site-packages/billiard/__init__.py                                                            20      2    90%
env/lib/python3.6/site-packages/billiard/compat.py                                                             166    119    28%
env/lib/python3.6/site-packages/billiard/context.py                                                            230    140    39%
env/lib/python3.6/site-packages/billiard/exceptions.py                                                          23     11    52%
env/lib/python3.6/site-packages/billiard/five.py                                                               111     76    32%
env/lib/python3.6/site-packages/billiard/process.py                                                            216    151    30%
env/lib/python3.6/site-packages/billiard/util.py                                                               111     73    34%
env/lib/python3.6/site-packages/bson/__init__.py                                                               570    417    27%
env/lib/python3.6/site-packages/bson/binary.py                                                                  56     20    64%
env/lib/python3.6/site-packages/bson/code.py                                                                    36     26    28%
env/lib/python3.6/site-packages/bson/codec_options.py                                                           85     38    55%
env/lib/python3.6/site-packages/bson/dbref.py                                                                   52     34    35%
env/lib/python3.6/site-packages/bson/decimal128.py                                                             133     89    33%
env/lib/python3.6/site-packages/bson/errors.py                                                                   6      0   100%
env/lib/python3.6/site-packages/bson/int64.py                                                                    6      0   100%
env/lib/python3.6/site-packages/bson/max_key.py                                                                 19      8    58%
env/lib/python3.6/site-packages/bson/min_key.py                                                                 19      8    58%
env/lib/python3.6/site-packages/bson/objectid.py                                                               114     52    54%
env/lib/python3.6/site-packages/bson/py3compat.py                                                               57     30    47%
env/lib/python3.6/site-packages/bson/raw_bson.py                                                                41     21    49%
env/lib/python3.6/site-packages/bson/regex.py                                                                   45     31    31%
env/lib/python3.6/site-packages/bson/son.py                                                                    122     38    69%
env/lib/python3.6/site-packages/bson/timestamp.py                                                               55     24    56%
env/lib/python3.6/site-packages/bson/tz_util.py                                                                 19      3    84%
env/lib/python3.6/site-packages/celery/__init__.py                                                              60     33    45%
env/lib/python3.6/site-packages/celery/_state.py                                                                64     19    70%
env/lib/python3.6/site-packages/celery/app/__init__.py                                                          28     17    39%
env/lib/python3.6/site-packages/celery/app/annotations.py                                                       33     20    39%
env/lib/python3.6/site-packages/celery/app/backends.py                                                          32     19    41%
env/lib/python3.6/site-packages/celery/app/base.py                                                             488    248    49%
env/lib/python3.6/site-packages/celery/app/builtins.py                                                          98     83    15%
env/lib/python3.6/site-packages/celery/app/defaults.py                                                          89     19    79%
env/lib/python3.6/site-packages/celery/app/registry.py                                                          33     15    55%
env/lib/python3.6/site-packages/celery/app/utils.py                                                            172    114    34%
env/lib/python3.6/site-packages/celery/exceptions.py                                                            74     24    68%
env/lib/python3.6/site-packages/celery/five.py                                                                   5      0   100%
env/lib/python3.6/site-packages/celery/fixups/__init__.py                                                        0      0   100%
env/lib/python3.6/site-packages/celery/fixups/django.py                                                        130     74    43%
env/lib/python3.6/site-packages/celery/loaders/__init__.py                                                       7      0   100%
env/lib/python3.6/site-packages/celery/loaders/app.py                                                            5      0   100%
env/lib/python3.6/site-packages/celery/loaders/base.py                                                         148     96    35%
env/lib/python3.6/site-packages/celery/local.py                                                                313    152    51%
env/lib/python3.6/site-packages/celery/platforms.py                                                            382    270    29%
env/lib/python3.6/site-packages/celery/signals.py                                                               36      0   100%
env/lib/python3.6/site-packages/celery/utils/__init__.py                                                        11      0   100%
env/lib/python3.6/site-packages/celery/utils/abstract.py                                                        19      6    68%
env/lib/python3.6/site-packages/celery/utils/collections.py                                                    460    297    35%
env/lib/python3.6/site-packages/celery/utils/dispatch/__init__.py                                                4      0   100%
env/lib/python3.6/site-packages/celery/utils/dispatch/signal.py                                                 34      5    85%
env/lib/python3.6/site-packages/celery/utils/encoding.py                                                         3      0   100%
env/lib/python3.6/site-packages/celery/utils/functional.py                                                     150    103    31%
env/lib/python3.6/site-packages/celery/utils/imports.py                                                         85     57    33%
env/lib/python3.6/site-packages/celery/utils/iso8601.py                                                         24     16    33%
env/lib/python3.6/site-packages/celery/utils/log.py                                                            145     77    47%
env/lib/python3.6/site-packages/celery/utils/nodenames.py                                                       44     21    52%
env/lib/python3.6/site-packages/celery/utils/objects.py                                                         48     25    48%
env/lib/python3.6/site-packages/celery/utils/serialization.py                                                  140     96    31%
env/lib/python3.6/site-packages/celery/utils/term.py                                                           112     51    54%
env/lib/python3.6/site-packages/celery/utils/text.py                                                            83     54    35%
env/lib/python3.6/site-packages/celery/utils/threads.py                                                        161    103    36%
env/lib/python3.6/site-packages/celery/utils/time.py                                                           193    130    33%
env/lib/python3.6/site-packages/certifi/__init__.py                                                              2      0   100%
env/lib/python3.6/site-packages/certifi/core.py                                                                  5      0   100%
env/lib/python3.6/site-packages/chardet/__init__.py                                                             11      7    36%
env/lib/python3.6/site-packages/chardet/big5freq.py                                                              3      0   100%
env/lib/python3.6/site-packages/chardet/big5prober.py                                                           14      6    57%
env/lib/python3.6/site-packages/chardet/chardistribution.py                                                    117     83    29%
env/lib/python3.6/site-packages/chardet/charsetgroupprober.py                                                   70     61    13%
env/lib/python3.6/site-packages/chardet/charsetprober.py                                                        50     36    28%
env/lib/python3.6/site-packages/chardet/codingstatemachine.py                                                   27     18    33%
env/lib/python3.6/site-packages/chardet/compat.py                                                               10      4    60%
env/lib/python3.6/site-packages/chardet/cp949prober.py                                                          14      6    57%
env/lib/python3.6/site-packages/chardet/enums.py                                                                34      1    97%
env/lib/python3.6/site-packages/chardet/escprober.py                                                            56     45    20%
env/lib/python3.6/site-packages/chardet/escsm.py                                                                17      0   100%
env/lib/python3.6/site-packages/chardet/eucjpprober.py                                                          47     34    28%
env/lib/python3.6/site-packages/chardet/euckrfreq.py                                                             3      0   100%
env/lib/python3.6/site-packages/chardet/euckrprober.py                                                          14      6    57%
env/lib/python3.6/site-packages/chardet/euctwfreq.py                                                             3      0   100%
env/lib/python3.6/site-packages/chardet/euctwprober.py                                                          14      6    57%
env/lib/python3.6/site-packages/chardet/gb2312freq.py                                                            3      0   100%
env/lib/python3.6/site-packages/chardet/gb2312prober.py                                                         14      6    57%
env/lib/python3.6/site-packages/chardet/hebrewprober.py                                                         74     48    35%
env/lib/python3.6/site-packages/chardet/jisfreq.py                                                               3      0   100%
env/lib/python3.6/site-packages/chardet/jpcntx.py                                                               80     61    24%
env/lib/python3.6/site-packages/chardet/langbulgarianmodel.py                                                    5      0   100%
env/lib/python3.6/site-packages/chardet/langcyrillicmodel.py                                                    13      0   100%
env/lib/python3.6/site-packages/chardet/langgreekmodel.py                                                        5      0   100%
env/lib/python3.6/site-packages/chardet/langhebrewmodel.py                                                       3      0   100%
env/lib/python3.6/site-packages/chardet/langthaimodel.py                                                         3      0   100%
env/lib/python3.6/site-packages/chardet/langturkishmodel.py                                                      3      0   100%
env/lib/python3.6/site-packages/chardet/latin1prober.py                                                         50     29    42%
env/lib/python3.6/site-packages/chardet/mbcharsetprober.py                                                      42     33    21%
env/lib/python3.6/site-packages/chardet/mbcsgroupprober.py                                                      14      3    79%
env/lib/python3.6/site-packages/chardet/mbcssm.py                                                               41      0   100%
env/lib/python3.6/site-packages/chardet/sbcharsetprober.py                                                      73     60    18%
env/lib/python3.6/site-packages/chardet/sbcsgroupprober.py                                                      19      8    58%
env/lib/python3.6/site-packages/chardet/sjisprober.py                                                           47     34    28%
env/lib/python3.6/site-packages/chardet/universaldetector.py                                                   124    104    16%
env/lib/python3.6/site-packages/chardet/utf8prober.py                                                           41     29    29%
env/lib/python3.6/site-packages/chardet/version.py                                                               2      0   100%
env/lib/python3.6/site-packages/corsheaders/__init__.py                                                          2      0   100%
env/lib/python3.6/site-packages/corsheaders/checks.py                                                           44     19    57%
env/lib/python3.6/site-packages/corsheaders/conf.py                                                             24      0   100%
env/lib/python3.6/site-packages/corsheaders/defaults.py                                                          2      0   100%
env/lib/python3.6/site-packages/coverage/backward.py                                                           100     99     1%
env/lib/python3.6/site-packages/coverage/collector.py                                                          197    191     3%
env/lib/python3.6/site-packages/coverage/control.py                                                            534    532     1%
env/lib/python3.6/site-packages/coverage/execfile.py                                                           156    126    19%
env/lib/python3.6/site-packages/coverage/phystokens.py                                                         146    138     5%
env/lib/python3.6/site-packages/coverage/python.py                                                             129    113    12%
env/lib/python3.6/site-packages/dataclasses.py                                                                 351    149    58%
env/lib/python3.6/site-packages/django/__init__.py                                                              12      0   100%
env/lib/python3.6/site-packages/django/apps/__init__.py                                                          3      0   100%
env/lib/python3.6/site-packages/django/apps/config.py                                                           88     25    72%
env/lib/python3.6/site-packages/django/apps/registry.py                                                        174     36    79%
env/lib/python3.6/site-packages/django/conf/__init__.py                                                        128     45    65%
env/lib/python3.6/site-packages/django/conf/global_settings.py                                                 142      0   100%
env/lib/python3.6/site-packages/django/conf/locale/__init__.py                                                   1      0   100%
env/lib/python3.6/site-packages/django/conf/urls/__init__.py                                                     9      0   100%
env/lib/python3.6/site-packages/django/contrib/__init__.py                                                       0      0   100%
env/lib/python3.6/site-packages/django/contrib/admin/__init__.py                                                10      0   100%
env/lib/python3.6/site-packages/django/contrib/admin/actions.py                                                 30     21    30%
env/lib/python3.6/site-packages/django/contrib/admin/apps.py                                                    15      0   100%
env/lib/python3.6/site-packages/django/contrib/admin/checks.py                                                 459    230    50%
env/lib/python3.6/site-packages/django/contrib/admin/decorators.py                                              14      3    79%
env/lib/python3.6/site-packages/django/contrib/admin/exceptions.py                                               5      0   100%
env/lib/python3.6/site-packages/django/contrib/admin/filters.py                                                211    147    30%
env/lib/python3.6/site-packages/django/contrib/admin/helpers.py                                                234    175    25%
env/lib/python3.6/site-packages/django/contrib/admin/migrations/0001_initial.py                                  6      0   100%
env/lib/python3.6/site-packages/django/contrib/admin/migrations/0002_logentry_remove_auto_add.py                 5      0   100%
env/lib/python3.6/site-packages/django/contrib/admin/migrations/0003_logentry_add_action_flag_choices.py         4      0   100%
env/lib/python3.6/site-packages/django/contrib/admin/migrations/__init__.py                                      0      0   100%
env/lib/python3.6/site-packages/django/contrib/admin/models.py                                                  84     46    45%
env/lib/python3.6/site-packages/django/contrib/admin/options.py                                               1042    797    24%
env/lib/python3.6/site-packages/django/contrib/admin/sites.py                                                  226    111    51%
env/lib/python3.6/site-packages/django/contrib/admin/templatetags/__init__.py                                    0      0   100%
env/lib/python3.6/site-packages/django/contrib/admin/templatetags/admin_list.py                                221    182    18%
env/lib/python3.6/site-packages/django/contrib/admin/templatetags/admin_modify.py                               51     40    22%
env/lib/python3.6/site-packages/django/contrib/admin/templatetags/admin_static.py                                8      2    75%
env/lib/python3.6/site-packages/django/contrib/admin/templatetags/admin_urls.py                                 38     28    26%
env/lib/python3.6/site-packages/django/contrib/admin/templatetags/base.py                                       15     10    33%
env/lib/python3.6/site-packages/django/contrib/admin/templatetags/log.py                                        29     21    28%
env/lib/python3.6/site-packages/django/contrib/admin/utils.py                                                  302    242    20%
env/lib/python3.6/site-packages/django/contrib/admin/views/__init__.py                                           0      0   100%
env/lib/python3.6/site-packages/django/contrib/admin/views/autocomplete.py                                      25     16    36%
env/lib/python3.6/site-packages/django/contrib/admin/views/decorators.py                                         7      1    86%
env/lib/python3.6/site-packages/django/contrib/admin/views/main.py                                             301    264    12%
env/lib/python3.6/site-packages/django/contrib/admin/widgets.py                                                256    167    35%
env/lib/python3.6/site-packages/django/contrib/admindocs/__init__.py                                             1      0   100%
env/lib/python3.6/site-packages/django/contrib/admindocs/utils.py                                              114     93    18%
env/lib/python3.6/site-packages/django/contrib/admindocs/views.py                                              210    159    24%
env/lib/python3.6/site-packages/django/contrib/auth/__init__.py                                                120     90    25%
env/lib/python3.6/site-packages/django/contrib/auth/admin.py                                                   101     50    50%
env/lib/python3.6/site-packages/django/contrib/auth/apps.py                                                     20      0   100%
env/lib/python3.6/site-packages/django/contrib/auth/backends.py                                                 88     61    31%
env/lib/python3.6/site-packages/django/contrib/auth/base_user.py                                                67     33    51%
env/lib/python3.6/site-packages/django/contrib/auth/checks.py                                                   53     23    57%
env/lib/python3.6/site-packages/django/contrib/auth/decorators.py                                               37     21    43%
env/lib/python3.6/site-packages/django/contrib/auth/forms.py                                                   200    118    41%
env/lib/python3.6/site-packages/django/contrib/auth/hashers.py                                                 307    200    35%
env/lib/python3.6/site-packages/django/contrib/auth/management/__init__.py                                      66     30    55%
env/lib/python3.6/site-packages/django/contrib/auth/middleware.py                                               52     34    35%
env/lib/python3.6/site-packages/django/contrib/auth/migrations/0001_initial.py                                   7      0   100%
env/lib/python3.6/site-packages/django/contrib/auth/migrations/0002_alter_permission_name_max_length.py          4      0   100%
env/lib/python3.6/site-packages/django/contrib/auth/migrations/0003_alter_user_email_max_length.py               4      0   100%
env/lib/python3.6/site-packages/django/contrib/auth/migrations/0004_alter_user_username_opts.py                  5      0   100%
env/lib/python3.6/site-packages/django/contrib/auth/migrations/0005_alter_user_last_login_null.py                4      0   100%
env/lib/python3.6/site-packages/django/contrib/auth/migrations/0006_require_contenttypes_0002.py                 4      0   100%
env/lib/python3.6/site-packages/django/contrib/auth/migrations/0007_alter_validators_add_error_messages.py       5      0   100%
env/lib/python3.6/site-packages/django/contrib/auth/migrations/0008_alter_user_username_max_length.py            5      0   100%
env/lib/python3.6/site-packages/django/contrib/auth/migrations/0009_alter_user_last_name_max_length.py           4      0   100%
env/lib/python3.6/site-packages/django/contrib/auth/migrations/0010_alter_group_name_max_length.py               4      0   100%
env/lib/python3.6/site-packages/django/contrib/auth/migrations/0011_update_proxy_permissions.py                 34     16    53%
env/lib/python3.6/site-packages/django/contrib/auth/migrations/__init__.py                                       0      0   100%
env/lib/python3.6/site-packages/django/contrib/auth/models.py                                                  195     86    56%
env/lib/python3.6/site-packages/django/contrib/auth/password_validation.py                                     103     68    34%
env/lib/python3.6/site-packages/django/contrib/auth/signals.py                                                   4      0   100%
env/lib/python3.6/site-packages/django/contrib/auth/tokens.py                                                   37     23    38%
env/lib/python3.6/site-packages/django/contrib/auth/validators.py                                               14      0   100%
env/lib/python3.6/site-packages/django/contrib/auth/views.py                                                   207    104    50%
env/lib/python3.6/site-packages/django/contrib/contenttypes/__init__.py                                          1      0   100%
env/lib/python3.6/site-packages/django/contrib/contenttypes/admin.py                                            50     28    44%
env/lib/python3.6/site-packages/django/contrib/contenttypes/apps.py                                             14      0   100%
env/lib/python3.6/site-packages/django/contrib/contenttypes/checks.py                                           22      4    82%
env/lib/python3.6/site-packages/django/contrib/contenttypes/fields.py                                          341    276    19%
env/lib/python3.6/site-packages/django/contrib/contenttypes/forms.py                                            39     29    26%
env/lib/python3.6/site-packages/django/contrib/contenttypes/management/__init__.py                              78     36    54%
env/lib/python3.6/site-packages/django/contrib/contenttypes/migrations/0001_initial.py                           5      0   100%
env/lib/python3.6/site-packages/django/contrib/contenttypes/migrations/0002_remove_content_type_name.py         12      7    42%
env/lib/python3.6/site-packages/django/contrib/contenttypes/migrations/__init__.py                               0      0   100%
env/lib/python3.6/site-packages/django/contrib/contenttypes/models.py                                          102     53    48%
env/lib/python3.6/site-packages/django/contrib/contenttypes/views.py                                            50     43    14%
env/lib/python3.6/site-packages/django/contrib/messages/__init__.py                                              3      0   100%
env/lib/python3.6/site-packages/django/contrib/messages/api.py                                                  34     20    41%
env/lib/python3.6/site-packages/django/contrib/messages/apps.py                                                  5      0   100%
env/lib/python3.6/site-packages/django/contrib/messages/constants.py                                             7      0   100%
env/lib/python3.6/site-packages/django/contrib/messages/middleware.py                                           12      6    50%
env/lib/python3.6/site-packages/django/contrib/messages/storage/__init__.py                                      4      1    75%
env/lib/python3.6/site-packages/django/contrib/postgres/__init__.py                                              1      0   100%
env/lib/python3.6/site-packages/django/contrib/postgres/fields/__init__.py                                       5      4    20%
env/lib/python3.6/site-packages/django/contrib/postgres/fields/array.py                                        191    188     2%
env/lib/python3.6/site-packages/django/contrib/postgres/forms/__init__.py                                        4      0   100%
env/lib/python3.6/site-packages/django/contrib/postgres/forms/array.py                                         148    117    21%
env/lib/python3.6/site-packages/django/contrib/postgres/forms/hstore.py                                         30     19    37%
env/lib/python3.6/site-packages/django/contrib/postgres/forms/jsonb.py                                          41     26    37%
env/lib/python3.6/site-packages/django/contrib/postgres/forms/ranges.py                                         65     63     3%
env/lib/python3.6/site-packages/django/contrib/postgres/lookups.py                                              49     11    78%
env/lib/python3.6/site-packages/django/contrib/postgres/search.py                                              164    105    36%
env/lib/python3.6/site-packages/django/contrib/postgres/utils.py                                                 8      4    50%
env/lib/python3.6/site-packages/django/contrib/postgres/validators.py                                           35     15    57%
env/lib/python3.6/site-packages/django/contrib/sessions/__init__.py                                              1      0   100%
env/lib/python3.6/site-packages/django/contrib/sessions/apps.py                                                  5      0   100%
env/lib/python3.6/site-packages/django/contrib/sessions/backends/__init__.py                                     0      0   100%
env/lib/python3.6/site-packages/django/contrib/sessions/backends/base.py                                       186    125    33%
env/lib/python3.6/site-packages/django/contrib/sessions/base_session.py                                         28     11    61%
env/lib/python3.6/site-packages/django/contrib/sessions/exceptions.py                                            5      0   100%
env/lib/python3.6/site-packages/django/contrib/sessions/middleware.py                                           41     29    29%
env/lib/python3.6/site-packages/django/contrib/sessions/migrations/0001_initial.py                               5      0   100%
env/lib/python3.6/site-packages/django/contrib/sessions/migrations/__init__.py                                   0      0   100%
env/lib/python3.6/site-packages/django/contrib/sessions/models.py                                               10      2    80%
env/lib/python3.6/site-packages/django/contrib/sites/__init__.py                                                 1      0   100%
env/lib/python3.6/site-packages/django/contrib/sites/shortcuts.py                                                7      5    29%
env/lib/python3.6/site-packages/django/contrib/staticfiles/__init__.py                                           1      0   100%
env/lib/python3.6/site-packages/django/contrib/staticfiles/apps.py                                              10      0   100%
env/lib/python3.6/site-packages/django/contrib/staticfiles/checks.py                                            10      0   100%
env/lib/python3.6/site-packages/django/contrib/staticfiles/finders.py                                          167    100    40%
env/lib/python3.6/site-packages/django/contrib/staticfiles/templatetags/__init__.py                              0      0   100%
env/lib/python3.6/site-packages/django/contrib/staticfiles/templatetags/staticfiles.py                          11      4    64%
env/lib/python3.6/site-packages/django/contrib/staticfiles/utils.py                                             35     28    20%
env/lib/python3.6/site-packages/django/core/__init__.py                                                          0      0   100%
env/lib/python3.6/site-packages/django/core/cache/__init__.py                                                   59     20    66%
env/lib/python3.6/site-packages/django/core/cache/backends/__init__.py                                           0      0   100%
env/lib/python3.6/site-packages/django/core/cache/backends/base.py                                             120     69    42%
env/lib/python3.6/site-packages/django/core/cache/backends/db.py                                               164    138    16%
env/lib/python3.6/site-packages/django/core/cache/backends/locmem.py                                           101     74    27%
env/lib/python3.6/site-packages/django/core/cache/utils.py                                                       9      5    44%
env/lib/python3.6/site-packages/django/core/checks/__init__.py                                                  12      0   100%
env/lib/python3.6/site-packages/django/core/checks/caches.py                                                     8      1    88%
env/lib/python3.6/site-packages/django/core/checks/database.py                                                   7      4    43%
env/lib/python3.6/site-packages/django/core/checks/messages.py                                                  47     17    64%
env/lib/python3.6/site-packages/django/core/checks/model_checks.py                                              78     47    40%
env/lib/python3.6/site-packages/django/core/checks/registry.py                                                  52      4    92%
env/lib/python3.6/site-packages/django/core/checks/security/__init__.py                                          0      0   100%
env/lib/python3.6/site-packages/django/core/checks/security/base.py                                             55     25    55%
env/lib/python3.6/site-packages/django/core/checks/security/csrf.py                                             12      5    58%
env/lib/python3.6/site-packages/django/core/checks/security/sessions.py                                         36     20    44%
env/lib/python3.6/site-packages/django/core/checks/templates.py                                                 16      3    81%
env/lib/python3.6/site-packages/django/core/checks/translation.py                                                8      1    88%
env/lib/python3.6/site-packages/django/core/checks/urls.py                                                      54     14    74%
env/lib/python3.6/site-packages/django/core/exceptions.py                                                       89     47    47%
env/lib/python3.6/site-packages/django/core/files/__init__.py                                                    2      0   100%
env/lib/python3.6/site-packages/django/core/files/base.py                                                       99     64    35%
env/lib/python3.6/site-packages/django/core/files/images.py                                                     46     38    17%
env/lib/python3.6/site-packages/django/core/files/locks.py                                                      57     46    19%
env/lib/python3.6/site-packages/django/core/files/move.py                                                       42     35    17%
env/lib/python3.6/site-packages/django/core/files/storage.py                                                   184    117    36%
env/lib/python3.6/site-packages/django/core/files/temp.py                                                       33     26    21%
env/lib/python3.6/site-packages/django/core/files/uploadedfile.py                                               56     32    43%
env/lib/python3.6/site-packages/django/core/files/uploadhandler.py                                              71     39    45%
env/lib/python3.6/site-packages/django/core/files/utils.py                                                      37     17    54%
env/lib/python3.6/site-packages/django/core/handlers/__init__.py                                                 0      0   100%
env/lib/python3.6/site-packages/django/core/handlers/base.py                                                    98     75    23%
env/lib/python3.6/site-packages/django/core/handlers/exception.py                                               61     46    25%
env/lib/python3.6/site-packages/django/core/handlers/wsgi.py                                                   131     97    26%
env/lib/python3.6/site-packages/django/core/mail/__init__.py                                                    32     22    31%
env/lib/python3.6/site-packages/django/core/mail/message.py                                                    254    192    24%
env/lib/python3.6/site-packages/django/core/mail/utils.py                                                        9      4    56%
env/lib/python3.6/site-packages/django/core/management/__init__.py                                             179     90    50%
env/lib/python3.6/site-packages/django/core/management/base.py                                                 227     84    63%
env/lib/python3.6/site-packages/django/core/management/color.py                                                 29      2    93%
env/lib/python3.6/site-packages/django/core/management/commands/check.py                                        29      8    72%
env/lib/python3.6/site-packages/django/core/management/commands/createcachetable.py                             67     45    33%
env/lib/python3.6/site-packages/django/core/management/commands/flush.py                                        38      4    89%
env/lib/python3.6/site-packages/django/core/management/commands/migrate.py                                     203    121    40%
env/lib/python3.6/site-packages/django/core/management/commands/test.py                                         26      1    96%
env/lib/python3.6/site-packages/django/core/management/sql.py                                                   23      3    87%
env/lib/python3.6/site-packages/django/core/management/utils.py                                                 68     51    25%
env/lib/python3.6/site-packages/django/core/paginator.py                                                       108     68    37%
env/lib/python3.6/site-packages/django/core/serializers/__init__.py                                            103     25    76%
env/lib/python3.6/site-packages/django/core/serializers/base.py                                                174    100    43%
env/lib/python3.6/site-packages/django/core/serializers/json.py                                                 75     36    52%
env/lib/python3.6/site-packages/django/core/serializers/python.py                                               98     67    32%
env/lib/python3.6/site-packages/django/core/serializers/pyyaml.py                                               41     37    10%
env/lib/python3.6/site-packages/django/core/serializers/xml_serializer.py                                      239    193    19%
env/lib/python3.6/site-packages/django/core/servers/__init__.py                                                  0      0   100%
env/lib/python3.6/site-packages/django/core/servers/basehttp.py                                                114     81    29%
env/lib/python3.6/site-packages/django/core/signals.py                                                           5      0   100%
env/lib/python3.6/site-packages/django/core/signing.py                                                          88     54    39%
env/lib/python3.6/site-packages/django/core/validators.py                                                      277    145    48%
env/lib/python3.6/site-packages/django/core/wsgi.py                                                              5      2    60%
env/lib/python3.6/site-packages/django/db/__init__.py                                                           24      7    71%
env/lib/python3.6/site-packages/django/db/backends/__init__.py                                                   0      0   100%
env/lib/python3.6/site-packages/django/db/backends/base/__init__.py                                              0      0   100%
env/lib/python3.6/site-packages/django/db/backends/base/base.py                                                315    125    60%
env/lib/python3.6/site-packages/django/db/backends/base/client.py                                                6      1    83%
env/lib/python3.6/site-packages/django/db/backends/base/creation.py                                            122     35    71%
env/lib/python3.6/site-packages/django/db/backends/base/features.py                                            118     11    91%
env/lib/python3.6/site-packages/django/db/backends/base/introspection.py                                        71     33    54%
env/lib/python3.6/site-packages/django/db/backends/base/operations.py                                          253    135    47%
env/lib/python3.6/site-packages/django/db/backends/base/schema.py                                              550    224    59%
env/lib/python3.6/site-packages/django/db/backends/base/validation.py                                           14      6    57%
env/lib/python3.6/site-packages/django/db/backends/ddl_references.py                                           103     37    64%
env/lib/python3.6/site-packages/django/db/backends/signals.py                                                    2      0   100%
env/lib/python3.6/site-packages/django/db/backends/utils.py                                                    141     75    47%
env/lib/python3.6/site-packages/django/db/migrations/__init__.py                                                 2      0   100%
env/lib/python3.6/site-packages/django/db/migrations/autodetector.py                                           634    578     9%
env/lib/python3.6/site-packages/django/db/migrations/exceptions.py                                              26      5    81%
env/lib/python3.6/site-packages/django/db/migrations/executor.py                                               211    129    39%
env/lib/python3.6/site-packages/django/db/migrations/graph.py                                                  177     81    54%
env/lib/python3.6/site-packages/django/db/migrations/loader.py                                                 165     65    61%
env/lib/python3.6/site-packages/django/db/migrations/migration.py                                               81     40    51%
env/lib/python3.6/site-packages/django/db/migrations/operations/__init__.py                                      4      0   100%
env/lib/python3.6/site-packages/django/db/migrations/operations/base.py                                         44     16    64%
env/lib/python3.6/site-packages/django/db/migrations/operations/fields.py                                      216    102    53%
env/lib/python3.6/site-packages/django/db/migrations/operations/models.py                                      436    270    38%
env/lib/python3.6/site-packages/django/db/migrations/operations/special.py                                     121     78    36%
env/lib/python3.6/site-packages/django/db/migrations/operations/utils.py                                        32     18    44%
env/lib/python3.6/site-packages/django/db/migrations/optimizer.py                                               31     28    10%
env/lib/python3.6/site-packages/django/db/migrations/questioner.py                                             126     95    25%
env/lib/python3.6/site-packages/django/db/migrations/recorder.py                                                48      6    88%
env/lib/python3.6/site-packages/django/db/migrations/state.py                                                  349    129    63%
env/lib/python3.6/site-packages/django/db/migrations/utils.py                                                   11      4    64%
env/lib/python3.6/site-packages/django/db/models/__init__.py                                                    22      0   100%
env/lib/python3.6/site-packages/django/db/models/aggregates.py                                                 107     59    45%
env/lib/python3.6/site-packages/django/db/models/base.py                                                       875    442    49%
env/lib/python3.6/site-packages/django/db/models/constants.py                                                    1      0   100%
env/lib/python3.6/site-packages/django/db/models/constraints.py                                                 83     55    34%
env/lib/python3.6/site-packages/django/db/models/deletion.py                                                   171    147    14%
env/lib/python3.6/site-packages/django/db/models/expressions.py                                                816    508    38%
env/lib/python3.6/site-packages/django/db/models/fields/__init__.py                                           1216    553    55%
env/lib/python3.6/site-packages/django/db/models/fields/files.py                                               223    116    48%
env/lib/python3.6/site-packages/django/db/models/fields/mixins.py                                               18      9    50%
env/lib/python3.6/site-packages/django/db/models/fields/proxy.py                                                 6      3    50%
env/lib/python3.6/site-packages/django/db/models/fields/related.py                                             702    230    67%
env/lib/python3.6/site-packages/django/db/models/fields/related_descriptors.py                                 510    448    12%
env/lib/python3.6/site-packages/django/db/models/fields/related_lookups.py                                      89     45    49%
env/lib/python3.6/site-packages/django/db/models/fields/reverse_related.py                                     116     41    65%
env/lib/python3.6/site-packages/django/db/models/functions/__init__.py                                           6      0   100%
env/lib/python3.6/site-packages/django/db/models/functions/comparison.py                                        62     37    40%
env/lib/python3.6/site-packages/django/db/models/functions/datetime.py                                         185     86    54%
env/lib/python3.6/site-packages/django/db/models/functions/math.py                                              91     15    84%
env/lib/python3.6/site-packages/django/db/models/functions/mixins.py                                            30     20    33%
env/lib/python3.6/site-packages/django/db/models/functions/text.py                                             137     53    61%
env/lib/python3.6/site-packages/django/db/models/functions/window.py                                            69     20    71%
env/lib/python3.6/site-packages/django/db/models/indexes.py                                                     84     67    20%
env/lib/python3.6/site-packages/django/db/models/lookups.py                                                    357    139    61%
env/lib/python3.6/site-packages/django/db/models/manager.py                                                     97      9    91%
env/lib/python3.6/site-packages/django/db/models/options.py                                                    415     96    77%
env/lib/python3.6/site-packages/django/db/models/query.py                                                     1046    730    30%
env/lib/python3.6/site-packages/django/db/models/query_utils.py                                                181     99    45%
env/lib/python3.6/site-packages/django/db/models/signals.py                                                     25      8    68%
env/lib/python3.6/site-packages/django/db/models/sql/__init__.py                                                 6      0   100%
env/lib/python3.6/site-packages/django/db/models/sql/compiler.py                                               838    490    42%
env/lib/python3.6/site-packages/django/db/models/sql/constants.py                                               10      0   100%
env/lib/python3.6/site-packages/django/db/models/sql/datastructures.py                                          77     26    66%
env/lib/python3.6/site-packages/django/db/models/sql/query.py                                                 1126    646    43%
env/lib/python3.6/site-packages/django/db/models/sql/subqueries.py                                             107     72    33%
env/lib/python3.6/site-packages/django/db/models/sql/where.py                                                  131     63    52%
env/lib/python3.6/site-packages/django/db/models/utils.py                                                       12      3    75%
env/lib/python3.6/site-packages/django/db/transaction.py                                                       125     71    43%
env/lib/python3.6/site-packages/django/db/utils.py                                                             180     52    71%
env/lib/python3.6/site-packages/django/dispatch/__init__.py                                                      1      0   100%
env/lib/python3.6/site-packages/django/dispatch/dispatcher.py                                                  113     35    69%
env/lib/python3.6/site-packages/django/forms/__init__.py                                                         7      0   100%
env/lib/python3.6/site-packages/django/forms/boundfield.py                                                     137    100    27%
env/lib/python3.6/site-packages/django/forms/fields.py                                                         708    478    32%
env/lib/python3.6/site-packages/django/forms/forms.py                                                          241    173    28%
env/lib/python3.6/site-packages/django/forms/formsets.py                                                       222    165    26%
env/lib/python3.6/site-packages/django/forms/models.py                                                         688    510    26%
env/lib/python3.6/site-packages/django/forms/renderers.py                                                       34      9    74%
env/lib/python3.6/site-packages/django/forms/utils.py                                                           92     59    36%
env/lib/python3.6/site-packages/django/forms/widgets.py                                                        620    378    39%
env/lib/python3.6/site-packages/django/http/__init__.py                                                          4      0   100%
env/lib/python3.6/site-packages/django/http/cookie.py                                                           13      9    31%
env/lib/python3.6/site-packages/django/http/multipartparser.py                                                 369    316    14%
env/lib/python3.6/site-packages/django/http/request.py                                                         325    238    27%
env/lib/python3.6/site-packages/django/http/response.py                                                        305    194    36%
env/lib/python3.6/site-packages/django/middleware/__init__.py                                                    0      0   100%
env/lib/python3.6/site-packages/django/middleware/cache.py                                                      78     65    17%
env/lib/python3.6/site-packages/django/middleware/common.py                                                     67     48    28%
env/lib/python3.6/site-packages/django/middleware/csrf.py                                                      150    110    27%
env/lib/python3.6/site-packages/django/middleware/security.py                                                   33     25    24%
env/lib/python3.6/site-packages/django/shortcuts.py                                                             54     41    24%
env/lib/python3.6/site-packages/django/template/__init__.py                                                     10      0   100%
env/lib/python3.6/site-packages/django/template/backends/__init__.py                                             0      0   100%
env/lib/python3.6/site-packages/django/template/backends/base.py                                                29     13    55%
env/lib/python3.6/site-packages/django/template/backends/django.py                                              74     22    70%
env/lib/python3.6/site-packages/django/template/backends/jinja2.py                                              63     62     2%
env/lib/python3.6/site-packages/django/template/base.py                                                        540    429    21%
env/lib/python3.6/site-packages/django/template/context.py                                                     164    119    27%
env/lib/python3.6/site-packages/django/template/defaultfilters.py                                              438    313    29%
env/lib/python3.6/site-packages/django/template/defaulttags.py                                                 626    500    20%
env/lib/python3.6/site-packages/django/template/engine.py                                                      110     56    49%
env/lib/python3.6/site-packages/django/template/exceptions.py                                                   12      8    33%
env/lib/python3.6/site-packages/django/template/library.py                                                     175     97    45%
env/lib/python3.6/site-packages/django/template/loader.py                                                       32     26    19%
env/lib/python3.6/site-packages/django/template/loader_tags.py                                                 175    141    19%
env/lib/python3.6/site-packages/django/template/response.py                                                     66     46    30%
env/lib/python3.6/site-packages/django/template/smartif.py                                                     107     64    40%
env/lib/python3.6/site-packages/django/template/utils.py                                                        54      8    85%
env/lib/python3.6/site-packages/django/templatetags/__init__.py                                                  0      0   100%
env/lib/python3.6/site-packages/django/templatetags/cache.py                                                    52     44    15%
env/lib/python3.6/site-packages/django/templatetags/i18n.py                                                    268    223    17%
env/lib/python3.6/site-packages/django/templatetags/l10n.py                                                     30     20    33%
env/lib/python3.6/site-packages/django/templatetags/static.py                                                   74     52    30%
env/lib/python3.6/site-packages/django/templatetags/tz.py                                                       79     57    28%
env/lib/python3.6/site-packages/django/test/__init__.py                                                          4      0   100%
env/lib/python3.6/site-packages/django/test/client.py                                                          360    270    25%
env/lib/python3.6/site-packages/django/test/html.py                                                            159    125    21%
env/lib/python3.6/site-packages/django/test/runner.py                                                          390    188    52%
env/lib/python3.6/site-packages/django/test/signals.py                                                         122     92    25%
env/lib/python3.6/site-packages/django/test/testcases.py                                                       750    502    33%
env/lib/python3.6/site-packages/django/test/utils.py                                                           485    289    40%
env/lib/python3.6/site-packages/django/urls/__init__.py                                                          7      0   100%
env/lib/python3.6/site-packages/django/urls/base.py                                                            102     79    23%
env/lib/python3.6/site-packages/django/urls/conf.py                                                             38      9    76%
env/lib/python3.6/site-packages/django/urls/converters.py                                                       33      6    82%
env/lib/python3.6/site-packages/django/urls/exceptions.py                                                        5      0   100%
env/lib/python3.6/site-packages/django/urls/resolvers.py                                                       413    224    46%
env/lib/python3.6/site-packages/django/urls/utils.py                                                            32     24    25%
env/lib/python3.6/site-packages/django/utils/__init__.py                                                         0      0   100%
env/lib/python3.6/site-packages/django/utils/_os.py                                                             26     17    35%
env/lib/python3.6/site-packages/django/utils/autoreload.py                                                     387    304    21%
env/lib/python3.6/site-packages/django/utils/baseconv.py                                                        48     25    48%
env/lib/python3.6/site-packages/django/utils/cache.py                                                          179    147    18%
env/lib/python3.6/site-packages/django/utils/crypto.py                                                          33     20    39%
env/lib/python3.6/site-packages/django/utils/datastructures.py                                                 176    101    43%
env/lib/python3.6/site-packages/django/utils/dateformat.py                                                     194    137    29%
env/lib/python3.6/site-packages/django/utils/dateparse.py                                                       50     37    26%
env/lib/python3.6/site-packages/django/utils/dates.py                                                            7      0   100%
env/lib/python3.6/site-packages/django/utils/datetime_safe.py                                                   58     42    28%
env/lib/python3.6/site-packages/django/utils/deconstruct.py                                                     23      9    61%
env/lib/python3.6/site-packages/django/utils/decorators.py                                                      89     45    49%
env/lib/python3.6/site-packages/django/utils/deprecation.py                                                     54     14    74%
env/lib/python3.6/site-packages/django/utils/duration.py                                                        28     23    18%
env/lib/python3.6/site-packages/django/utils/encoding.py                                                       102     65    36%
env/lib/python3.6/site-packages/django/utils/formats.py                                                        131    108    18%
env/lib/python3.6/site-packages/django/utils/functional.py                                                     209     73    65%
env/lib/python3.6/site-packages/django/utils/hashable.py                                                        11      3    73%
env/lib/python3.6/site-packages/django/utils/html.py                                                           178    131    26%
env/lib/python3.6/site-packages/django/utils/http.py                                                           210    159    24%
env/lib/python3.6/site-packages/django/utils/inspect.py                                                         28     19    32%
env/lib/python3.6/site-packages/django/utils/ipv6.py                                                            19     14    26%
env/lib/python3.6/site-packages/django/utils/itercompat.py                                                       6      0   100%
env/lib/python3.6/site-packages/django/utils/log.py                                                             97     58    40%
env/lib/python3.6/site-packages/django/utils/lorem_ipsum.py                                                     28     20    29%
env/lib/python3.6/site-packages/django/utils/module_loading.py                                                  47     16    66%
env/lib/python3.6/site-packages/django/utils/numberformat.py                                                    48     44     8%
env/lib/python3.6/site-packages/django/utils/regex_helper.py                                                   185    175     5%
env/lib/python3.6/site-packages/django/utils/safestring.py                                                      31     17    45%
env/lib/python3.6/site-packages/django/utils/six.py                                                            450    230    49%
env/lib/python3.6/site-packages/django/utils/termcolors.py                                                      56     33    41%
env/lib/python3.6/site-packages/django/utils/text.py                                                           198    155    22%
env/lib/python3.6/site-packages/django/utils/timesince.py                                                       41     32    22%
env/lib/python3.6/site-packages/django/utils/timezone.py                                                        98     51    48%
env/lib/python3.6/site-packages/django/utils/topological_sort.py                                                17     13    24%
env/lib/python3.6/site-packages/django/utils/translation/__init__.py                                           146     57    61%
env/lib/python3.6/site-packages/django/utils/translation/reloader.py                                            20     15    25%
env/lib/python3.6/site-packages/django/utils/translation/trans_real.py                                         255    137    46%
env/lib/python3.6/site-packages/django/utils/tree.py                                                            51     18    65%
env/lib/python3.6/site-packages/django/utils/version.py                                                         54     24    56%
env/lib/python3.6/site-packages/django/utils/xmlutils.py                                                        20     11    45%
env/lib/python3.6/site-packages/django/views/__init__.py                                                         2      0   100%
env/lib/python3.6/site-packages/django/views/debug.py                                                          285    240    16%
env/lib/python3.6/site-packages/django/views/decorators/__init__.py                                              0      0   100%
env/lib/python3.6/site-packages/django/views/decorators/cache.py                                                20     11    45%
env/lib/python3.6/site-packages/django/views/decorators/csrf.py                                                 27      6    78%
env/lib/python3.6/site-packages/django/views/decorators/debug.py                                                21     13    38%
env/lib/python3.6/site-packages/django/views/defaults.py                                                        56     40    29%
env/lib/python3.6/site-packages/django/views/generic/__init__.py                                                 8      0   100%
env/lib/python3.6/site-packages/django/views/generic/base.py                                                   109     58    47%
env/lib/python3.6/site-packages/django/views/generic/dates.py                                                  329    227    31%
env/lib/python3.6/site-packages/django/views/generic/detail.py                                                  79     54    32%
env/lib/python3.6/site-packages/django/views/generic/edit.py                                                   114     65    43%
env/lib/python3.6/site-packages/django/views/generic/list.py                                                    99     68    31%
env/lib/python3.6/site-packages/django/views/i18n.py                                                           106     74    30%
env/lib/python3.6/site-packages/django/views/static.py                                                          60     46    23%
env/lib/python3.6/site-packages/djongo/__init__.py                                                               1      0   100%
env/lib/python3.6/site-packages/djongo/base.py                                                                  80      5    94%
env/lib/python3.6/site-packages/djongo/cursor.py                                                                46     17    63%
env/lib/python3.6/site-packages/djongo/database.py                                                              23      1    96%
env/lib/python3.6/site-packages/djongo/features.py                                                               7      0   100%
env/lib/python3.6/site-packages/djongo/introspection.py                                                         68     43    37%
env/lib/python3.6/site-packages/djongo/operations.py                                                            67     27    60%
env/lib/python3.6/site-packages/djongo/schema.py                                                                 5      0   100%
env/lib/python3.6/site-packages/djongo/sql2mongo/__init__.py                                                   139     60    57%
env/lib/python3.6/site-packages/djongo/sql2mongo/converters.py                                                 317    147    54%
env/lib/python3.6/site-packages/djongo/sql2mongo/operators.py                                                  349    143    59%
env/lib/python3.6/site-packages/djongo/sql2mongo/query.py                                                      552    158    71%
env/lib/python3.6/site-packages/dns/__init__.py                                                                  2      0   100%
env/lib/python3.6/site-packages/dns/_compat.py                                                                  38     19    50%
env/lib/python3.6/site-packages/dns/edns.py                                                                    125     84    33%
env/lib/python3.6/site-packages/dns/entropy.py                                                                 106     73    31%
env/lib/python3.6/site-packages/dns/exception.py                                                                44     27    39%
env/lib/python3.6/site-packages/dns/flags.py                                                                    40     14    65%
env/lib/python3.6/site-packages/dns/inet.py                                                                     42     20    52%
env/lib/python3.6/site-packages/dns/ipv4.py                                                                     26      6    77%
env/lib/python3.6/site-packages/dns/ipv6.py                                                                     99     23    77%
env/lib/python3.6/site-packages/dns/message.py                                                                 585    348    41%
env/lib/python3.6/site-packages/dns/name.py                                                                    509    241    53%
env/lib/python3.6/site-packages/dns/opcode.py                                                                   30     13    57%
env/lib/python3.6/site-packages/dns/query.py                                                                   301    191    37%
env/lib/python3.6/site-packages/dns/rcode.py                                                                    45     20    56%
env/lib/python3.6/site-packages/dns/rdata.py                                                                   198     93    53%
env/lib/python3.6/site-packages/dns/rdataclass.py                                                               36     12    67%
env/lib/python3.6/site-packages/dns/rdataset.py                                                                144     94    35%
env/lib/python3.6/site-packages/dns/rdatatype.py                                                               109     14    87%
env/lib/python3.6/site-packages/dns/rdtypes/ANY/NS.py                                                            2      0   100%
env/lib/python3.6/site-packages/dns/rdtypes/ANY/TXT.py                                                           2      0   100%
env/lib/python3.6/site-packages/dns/rdtypes/ANY/__init__.py                                                      2      0   100%
env/lib/python3.6/site-packages/dns/rdtypes/IN/A.py                                                             23      5    78%
env/lib/python3.6/site-packages/dns/rdtypes/IN/AAAA.py                                                          23      5    78%
env/lib/python3.6/site-packages/dns/rdtypes/IN/SRV.py                                                           41     12    71%
env/lib/python3.6/site-packages/dns/rdtypes/IN/__init__.py                                                       2      0   100%
env/lib/python3.6/site-packages/dns/rdtypes/__init__.py                                                          2      0   100%
env/lib/python3.6/site-packages/dns/rdtypes/nsbase.py                                                           40     14    65%
env/lib/python3.6/site-packages/dns/rdtypes/txtbase.py                                                          62     30    52%
env/lib/python3.6/site-packages/dns/renderer.py                                                                131     83    37%
env/lib/python3.6/site-packages/dns/resolver.py                                                                799    557    30%
env/lib/python3.6/site-packages/dns/reversename.py                                                              43     33    23%
env/lib/python3.6/site-packages/dns/rrset.py                                                                    74     47    36%
env/lib/python3.6/site-packages/dns/set.py                                                                     119     76    36%
env/lib/python3.6/site-packages/dns/tokenizer.py                                                               298    244    18%
env/lib/python3.6/site-packages/dns/tsig.py                                                                    125     93    26%
env/lib/python3.6/site-packages/dns/ttl.py                                                                      33     28    15%
env/lib/python3.6/site-packages/dns/wiredata.py                                                                 54     24    56%
env/lib/python3.6/site-packages/idna/__init__.py                                                                 2      0   100%
env/lib/python3.6/site-packages/idna/core.py                                                                   280    242    14%
env/lib/python3.6/site-packages/idna/idnadata.py                                                                 4      0   100%
env/lib/python3.6/site-packages/idna/intranges.py                                                               29     24    17%
env/lib/python3.6/site-packages/idna/package_data.py                                                             1      0   100%
env/lib/python3.6/site-packages/importlib_metadata/__init__.py                                                 194     60    69%
env/lib/python3.6/site-packages/importlib_metadata/_compat.py                                                   24      4    83%
env/lib/python3.6/site-packages/kombu/__init__.py                                                               40      7    82%
env/lib/python3.6/site-packages/kombu/abstract.py                                                               69     30    57%
env/lib/python3.6/site-packages/kombu/clocks.py                                                                 63     31    51%
env/lib/python3.6/site-packages/kombu/common.py                                                                164    115    30%
env/lib/python3.6/site-packages/kombu/compression.py                                                            44     17    61%
env/lib/python3.6/site-packages/kombu/connection.py                                                            426    299    30%
env/lib/python3.6/site-packages/kombu/entity.py                                                                240    151    37%
env/lib/python3.6/site-packages/kombu/exceptions.py                                                             28      5    82%
env/lib/python3.6/site-packages/kombu/five.py                                                                    5      0   100%
env/lib/python3.6/site-packages/kombu/log.py                                                                    95     51    46%
env/lib/python3.6/site-packages/kombu/messaging.py                                                             266    189    29%
env/lib/python3.6/site-packages/kombu/pools.py                                                                 101     54    47%
env/lib/python3.6/site-packages/kombu/resource.py                                                              130    102    22%
env/lib/python3.6/site-packages/kombu/serialization.py                                                         187     87    53%
env/lib/python3.6/site-packages/kombu/transport/__init__.py                                                     29     20    31%
env/lib/python3.6/site-packages/kombu/utils/__init__.py                                                          9      0   100%
env/lib/python3.6/site-packages/kombu/utils/collections.py                                                      23     13    43%
env/lib/python3.6/site-packages/kombu/utils/compat.py                                                           59     36    39%
env/lib/python3.6/site-packages/kombu/utils/div.py                                                              22     18    18%
env/lib/python3.6/site-packages/kombu/utils/encoding.py                                                         49     36    27%
env/lib/python3.6/site-packages/kombu/utils/functional.py                                                      210    137    35%
env/lib/python3.6/site-packages/kombu/utils/imports.py                                                          25      8    68%
env/lib/python3.6/site-packages/kombu/utils/json.py                                                             50     32    36%
env/lib/python3.6/site-packages/kombu/utils/objects.py                                                          33     13    61%
env/lib/python3.6/site-packages/kombu/utils/url.py                                                              64     43    33%
env/lib/python3.6/site-packages/kombu/utils/uuid.py                                                              4      1    75%
env/lib/python3.6/site-packages/markdown/__init__.py                                                            19      5    74%
env/lib/python3.6/site-packages/markdown/__meta__.py                                                             7      0   100%
env/lib/python3.6/site-packages/markdown/blockparser.py                                                         33     18    45%
env/lib/python3.6/site-packages/markdown/blockprocessors.py                                                    280    216    23%
env/lib/python3.6/site-packages/markdown/core.py                                                               150    117    22%
env/lib/python3.6/site-packages/markdown/extensions/__init__.py                                                 36     22    39%
env/lib/python3.6/site-packages/markdown/inlinepatterns.py                                                     299    231    23%
env/lib/python3.6/site-packages/markdown/pep562.py                                                              84     41    51%
env/lib/python3.6/site-packages/markdown/postprocessors.py                                                      46     28    39%
env/lib/python3.6/site-packages/markdown/preprocessors.py                                                      213    183    14%
env/lib/python3.6/site-packages/markdown/serializers.py                                                        100     81    19%
env/lib/python3.6/site-packages/markdown/treeprocessors.py                                                     213    188    12%
env/lib/python3.6/site-packages/markdown/util.py                                                               172    117    32%
env/lib/python3.6/site-packages/more_itertools/__init__.py                                                       2      0   100%
env/lib/python3.6/site-packages/more_itertools/more.py                                                         667    564    15%
env/lib/python3.6/site-packages/more_itertools/recipes.py                                                      138    105    24%
env/lib/python3.6/site-packages/pkg_resources/__init__.py                                                     1553    926    40%
env/lib/python3.6/site-packages/pkg_resources/_vendor/__init__.py                                                0      0   100%
env/lib/python3.6/site-packages/pkg_resources/_vendor/appdirs.py                                               250    218    13%
env/lib/python3.6/site-packages/pkg_resources/_vendor/packaging/__about__.py                                    10      0   100%
env/lib/python3.6/site-packages/pkg_resources/_vendor/packaging/__init__.py                                      3      0   100%
env/lib/python3.6/site-packages/pkg_resources/_vendor/packaging/_compat.py                                      12      1    92%
env/lib/python3.6/site-packages/pkg_resources/_vendor/packaging/_structures.py                                  41     17    59%
env/lib/python3.6/site-packages/pkg_resources/_vendor/packaging/markers.py                                     130     73    44%
env/lib/python3.6/site-packages/pkg_resources/_vendor/packaging/requirements.py                                 72     25    65%
env/lib/python3.6/site-packages/pkg_resources/_vendor/packaging/specifiers.py                                  284    202    29%
env/lib/python3.6/site-packages/pkg_resources/_vendor/packaging/version.py                                     150     49    67%
env/lib/python3.6/site-packages/pkg_resources/_vendor/pyparsing.py                                            2528   1423    44%
env/lib/python3.6/site-packages/pkg_resources/_vendor/six.py                                                   444    209    53%
env/lib/python3.6/site-packages/pkg_resources/extern/__init__.py                                                35      5    86%
env/lib/python3.6/site-packages/pkg_resources/py31compat.py                                                     12      5    58%
env/lib/python3.6/site-packages/pymongo/__init__.py                                                             31      6    81%
env/lib/python3.6/site-packages/pymongo/aggregation.py                                                          95     25    74%
env/lib/python3.6/site-packages/pymongo/auth.py                                                                297    167    44%
env/lib/python3.6/site-packages/pymongo/bulk.py                                                                313    167    47%
env/lib/python3.6/site-packages/pymongo/change_stream.py                                                       145    107    26%
env/lib/python3.6/site-packages/pymongo/client_options.py                                                      124      8    94%
env/lib/python3.6/site-packages/pymongo/client_session.py                                                      375    195    48%
env/lib/python3.6/site-packages/pymongo/collation.py                                                            63     31    51%
env/lib/python3.6/site-packages/pymongo/collection.py                                                          725    459    37%
env/lib/python3.6/site-packages/pymongo/command_cursor.py                                                      137     64    53%
env/lib/python3.6/site-packages/pymongo/common.py                                                              410    194    53%
[...]
env/lib/python3.6/site-packages/requests/utils.py                                                              443    376    15%
env/lib/python3.6/site-packages/rest_auth/__init__.py                                                            0      0   100%
env/lib/python3.6/site-packages/rest_auth/admin.py                                                               0      0   100%
env/lib/python3.6/site-packages/rest_auth/models.py                                                              4      0   100%
env/lib/python3.6/site-packages/rest_auth/registration/__init__.py                                               0      0   100%
env/lib/python3.6/site-packages/rest_auth/utils.py                                                              20     13    35%
env/lib/python3.6/site-packages/rest_framework/__init__.py                                                      13      0   100%
env/lib/python3.6/site-packages/rest_framework/apps.py                                                           6      0   100%
env/lib/python3.6/site-packages/rest_framework/authentication.py                                               102     72    29%
env/lib/python3.6/site-packages/rest_framework/authtoken/__init__.py                                             1      0   100%
env/lib/python3.6/site-packages/rest_framework/authtoken/admin.py                                                7      0   100%
env/lib/python3.6/site-packages/rest_framework/authtoken/apps.py                                                 5      0   100%
env/lib/python3.6/site-packages/rest_framework/authtoken/management/__init__.py                                  0      0   100%
env/lib/python3.6/site-packages/rest_framework/authtoken/migrations/0001_initial.py                              5      0   100%
env/lib/python3.6/site-packages/rest_framework/authtoken/migrations/0002_auto_20160226_1747.py                   5      0   100%
env/lib/python3.6/site-packages/rest_framework/authtoken/migrations/__init__.py                                  0      0   100%
env/lib/python3.6/site-packages/rest_framework/authtoken/models.py                                              21      5    76%
env/lib/python3.6/site-packages/rest_framework/checks.py                                                         7      1    86%
env/lib/python3.6/site-packages/rest_framework/compat.py                                                       128     68    47%
env/lib/python3.6/site-packages/rest_framework/exceptions.py                                                   142     68    52%
env/lib/python3.6/site-packages/rest_framework/fields.py                                                      1040    698    33%
env/lib/python3.6/site-packages/rest_framework/generics.py                                                     101     52    49%
env/lib/python3.6/site-packages/rest_framework/management/__init__.py                                            0      0   100%
env/lib/python3.6/site-packages/rest_framework/metadata.py                                                      58     43    26%
env/lib/python3.6/site-packages/rest_framework/mixins.py                                                        53     35    34%
env/lib/python3.6/site-packages/rest_framework/negotiation.py                                                   40     27    32%
env/lib/python3.6/site-packages/rest_framework/parsers.py                                                      120     85    29%
env/lib/python3.6/site-packages/rest_framework/permissions.py                                                  117     65    44%
env/lib/python3.6/site-packages/rest_framework/relations.py                                                    269    167    38%
env/lib/python3.6/site-packages/rest_framework/renderers.py                                                    549    402    27%
env/lib/python3.6/site-packages/rest_framework/request.py                                                      223    174    22%
env/lib/python3.6/site-packages/rest_framework/response.py                                                      48     40    17%
env/lib/python3.6/site-packages/rest_framework/reverse.py                                                       32     23    28%
env/lib/python3.6/site-packages/rest_framework/routers.py                                                      151     27    82%
env/lib/python3.6/site-packages/rest_framework/schemas/__init__.py                                              12      7    42%
env/lib/python3.6/site-packages/rest_framework/schemas/coreapi.py                                              311    263    15%
env/lib/python3.6/site-packages/rest_framework/schemas/generators.py                                           131    100    24%
env/lib/python3.6/site-packages/rest_framework/schemas/inspectors.py                                            31      8    74%
env/lib/python3.6/site-packages/rest_framework/schemas/openapi.py                                              283    251    11%
env/lib/python3.6/site-packages/rest_framework/schemas/utils.py                                                 21     16    24%
env/lib/python3.6/site-packages/rest_framework/schemas/views.py                                                 29     15    48%
env/lib/python3.6/site-packages/rest_framework/serializers.py                                                  642    505    21%
env/lib/python3.6/site-packages/rest_framework/settings.py                                                      62     18    71%
env/lib/python3.6/site-packages/rest_framework/status.py                                                        69      5    93%
env/lib/python3.6/site-packages/rest_framework/templatetags/__init__.py                                          0      0   100%
env/lib/python3.6/site-packages/rest_framework/templatetags/rest_framework.py                                  204    156    24%
env/lib/python3.6/site-packages/rest_framework/urlpatterns.py                                                   63     27    57%
env/lib/python3.6/site-packages/rest_framework/urls.py                                                           4      0   100%
env/lib/python3.6/site-packages/rest_framework/utils/__init__.py                                                 0      0   100%
env/lib/python3.6/site-packages/rest_framework/utils/breadcrumbs.py                                             28     26     7%
env/lib/python3.6/site-packages/rest_framework/utils/encoders.py                                                48     37    23%
env/lib/python3.6/site-packages/rest_framework/utils/field_mapping.py                                          146    128    12%
env/lib/python3.6/site-packages/rest_framework/utils/formatting.py                                              46     28    39%
env/lib/python3.6/site-packages/rest_framework/utils/html.py                                                    30     25    17%
env/lib/python3.6/site-packages/rest_framework/utils/humanize_datetime.py                                       15     10    33%
env/lib/python3.6/site-packages/rest_framework/utils/json.py                                                    16      9    44%
env/lib/python3.6/site-packages/rest_framework/utils/mediatypes.py                                              39     30    23%
env/lib/python3.6/site-packages/rest_framework/utils/model_meta.py                                              54     42    22%
env/lib/python3.6/site-packages/rest_framework/utils/representation.py                                          59     50    15%
env/lib/python3.6/site-packages/rest_framework/utils/serializer_helpers.py                                      86     52    40%
env/lib/python3.6/site-packages/rest_framework/utils/urls.py                                                    14     10    29%
env/lib/python3.6/site-packages/rest_framework/validators.py                                                   139     96    31%
env/lib/python3.6/site-packages/rest_framework/views.py                                                        227    159    30%
env/lib/python3.6/site-packages/rest_framework/viewsets.py                                                      80     37    54%
env/lib/python3.6/site-packages/six.py                                                                         472    250    47%
env/lib/python3.6/site-packages/sqlparse/__init__.py                                                            25      7    72%
env/lib/python3.6/site-packages/sqlparse/cli.py                                                                 61     50    18%
env/lib/python3.6/site-packages/sqlparse/compat.py                                                              24     11    54%
env/lib/python3.6/site-packages/sqlparse/engine/__init__.py                                                      4      0   100%
env/lib/python3.6/site-packages/sqlparse/engine/filter_stack.py                                                 25      3    88%
env/lib/python3.6/site-packages/sqlparse/engine/grouping.py                                                    223     33    85%
env/lib/python3.6/site-packages/sqlparse/engine/statement_splitter.py                                           46     13    72%
env/lib/python3.6/site-packages/sqlparse/exceptions.py                                                           2      0   100%
env/lib/python3.6/site-packages/sqlparse/filters/__init__.py                                                    13      0   100%
env/lib/python3.6/site-packages/sqlparse/filters/aligned_indent.py                                              78     61    22%
env/lib/python3.6/site-packages/sqlparse/filters/others.py                                                      71     55    23%
env/lib/python3.6/site-packages/sqlparse/filters/output.py                                                      74     62    16%
env/lib/python3.6/site-packages/sqlparse/filters/reindent.py                                                   130    111    15%
env/lib/python3.6/site-packages/sqlparse/filters/right_margin.py                                                28     20    29%
env/lib/python3.6/site-packages/sqlparse/filters/tokens.py                                                      38     24    37%
env/lib/python3.6/site-packages/sqlparse/formatter.py                                                          113    108     4%
env/lib/python3.6/site-packages/sqlparse/keywords.py                                                            12      0   100%
env/lib/python3.6/site-packages/sqlparse/lexer.py                                                               35     10    71%
env/lib/python3.6/site-packages/sqlparse/sql.py                                                                316    114    64%
env/lib/python3.6/site-packages/sqlparse/tokens.py                                                              37      1    97%
env/lib/python3.6/site-packages/sqlparse/utils.py                                                               58     18    69%
env/lib/python3.6/site-packages/urllib3/__init__.py                                                             33      8    76%
env/lib/python3.6/site-packages/urllib3/_collections.py                                                        181    133    27%
env/lib/python3.6/site-packages/urllib3/connection.py                                                          175    122    30%
env/lib/python3.6/site-packages/urllib3/connectionpool.py                                                      316    256    19%
env/lib/python3.6/site-packages/urllib3/contrib/__init__.py                                                      0      0   100%
env/lib/python3.6/site-packages/urllib3/contrib/_appengine_environ.py                                           11      0   100%
env/lib/python3.6/site-packages/urllib3/contrib/pyopenssl.py                                                   246    244     1%
env/lib/python3.6/site-packages/urllib3/contrib/socks.py                                                        75     66    12%
env/lib/python3.6/site-packages/urllib3/exceptions.py                                                           96     21    78%
env/lib/python3.6/site-packages/urllib3/fields.py                                                               90     70    22%
env/lib/python3.6/site-packages/urllib3/filepost.py                                                             43     30    30%
env/lib/python3.6/site-packages/urllib3/packages/__init__.py                                                     3      0   100%
env/lib/python3.6/site-packages/urllib3/packages/six.py                                                        473    232    51%
env/lib/python3.6/site-packages/urllib3/packages/ssl_match_hostname/__init__.py                                 11      6    45%
env/lib/python3.6/site-packages/urllib3/poolmanager.py                                                         170    130    24%
env/lib/python3.6/site-packages/urllib3/request.py                                                              39     28    28%
env/lib/python3.6/site-packages/urllib3/response.py                                                            397    325    18%
env/lib/python3.6/site-packages/urllib3/util/__init__.py                                                        10      0   100%
env/lib/python3.6/site-packages/urllib3/util/connection.py                                                      66     45    32%
env/lib/python3.6/site-packages/urllib3/util/queue.py                                                           14      5    64%
env/lib/python3.6/site-packages/urllib3/util/request.py                                                         50     37    26%
env/lib/python3.6/site-packages/urllib3/util/response.py                                                        35     29    17%
env/lib/python3.6/site-packages/urllib3/util/retry.py                                                          150    102    32%
env/lib/python3.6/site-packages/urllib3/util/ssl_.py                                                           148    112    24%
env/lib/python3.6/site-packages/urllib3/util/timeout.py                                                         59     42    29%
env/lib/python3.6/site-packages/urllib3/util/url.py                                                            206    158    23%
env/lib/python3.6/site-packages/urllib3/util/wait.py                                                            77     59    23%
env/lib/python3.6/site-packages/vine/__init__.py                                                                18      0   100%
env/lib/python3.6/site-packages/vine/abstract.py                                                                23      8    65%
env/lib/python3.6/site-packages/vine/five.py                                                                   144     93    35%
env/lib/python3.6/site-packages/vine/funtools.py                                                                47     33    30%
env/lib/python3.6/site-packages/vine/promises.py                                                               134     93    31%
env/lib/python3.6/site-packages/vine/synchronization.py                                                         52     37    29%
env/lib/python3.6/site-packages/vine/utils.py                                                                    9      0   100%
env/lib/python3.6/site-packages/zipp.py                                                                         75     36    52%
manage.py                                                                                                       12      2    83%
refni_backend/__init__.py                                                                                        0      0   100%
refni_backend/migrations/0001_initial.py                                                                         7      0   100%
refni_backend/migrations/0002_auto_20191028_2040.py                                                              5      0   100%
refni_backend/migrations/__init__.py                                                                             0      0   100%
refni_backend/refni_backend/__init__.py                                                                          1      0   100%
refni_backend/refni_backend/admin.py                                                                             3      3     0%
refni_backend/refni_backend/apps.py                                                                              7      7     0%
refni_backend/refni_backend/celery.py                                                                            9      1    89%
refni_backend/refni_backend/migrations/__init__.py                                                               0      0   100%
refni_backend/refni_backend/models/Configuration.py                                                              7      0   100%
refni_backend/refni_backend/models/EvalReport.py                                                                10      0   100%
refni_backend/refni_backend/models/Submission.py                                                                17      1    94%
refni_backend/refni_backend/models/__init__.py                                                                   0      0   100%
refni_backend/refni_backend/serializers/Configuration.py                                                         7      2    71%
refni_backend/refni_backend/serializers/EvalReport.py                                                           12      2    83%
refni_backend/refni_backend/serializers/Submission.py                                                           36     14    61%
refni_backend/refni_backend/serializers/User.py                                                                 10      0   100%
refni_backend/refni_backend/serializers/UserRegister.py                                                          6      6     0%
refni_backend/refni_backend/serializers/__init__.py                                                              0      0   100%
refni_backend/refni_backend/settings/__init__.py                                                                 0      0   100%
refni_backend/refni_backend/settings/base.py                                                                    17      0   100%
refni_backend/refni_backend/settings/development.py                                                              8      0   100%
refni_backend/refni_backend/settings/production.py                                                               8      8     0%
refni_backend/refni_backend/tasks.py                                                                             3      3     0%
refni_backend/refni_backend/tests.py                                                                             8      0   100%
refni_backend/refni_backend/views/EvalReport.py                                                                  7      0   100%
refni_backend/refni_backend/views/Submission.py                                                                  7      0   100%
refni_backend/refni_backend/views/UserRegister.py                                                               14     14     0%
refni_backend/refni_backend/views/__init__.py                                                                    0      0   100%
refni_backend/urls.py                                                                                           11      0   100%
refni_backend/wsgi.py                                                                                            4      4     0%
--------------------------------------------------------------------------------------------------------------------------------
TOTAL                                                                                                        94430  57207    39%
